Analysis & Synthesis report for VGAagain
Wed Jan 02 20:26:11 2019
Quartus II 64-Bit Version 13.1.0 Build 162 10/23/2013 SJ Web Edition


---------------------
; Table of Contents ;
---------------------
  1. Legal Notice
  2. Analysis & Synthesis Summary
  3. Analysis & Synthesis Settings
  4. Parallel Compilation
  5. Analysis & Synthesis Source Files Read
  6. Analysis & Synthesis Resource Usage Summary
  7. Analysis & Synthesis Resource Utilization by Entity
  8. General Register Statistics
  9. Port Connectivity Checks: "VgaGame_main:b2v_inst|vga640x480:vag_show"
 10. Elapsed Time Per Partition
 11. Analysis & Synthesis Messages
 12. Analysis & Synthesis Suppressed Messages



----------------
; Legal Notice ;
----------------
Copyright (C) 1991-2013 Altera Corporation
Your use of Altera Corporation's design tools, logic functions 
and other software and tools, and its AMPP partner logic 
functions, and any output files from any of the foregoing 
(including device programming or simulation files), and any 
associated documentation or information are expressly subject 
to the terms and conditions of the Altera Program License 
Subscription Agreement, Altera MegaCore Function License 
Agreement, or other applicable license agreement, including, 
without limitation, that your use is for the sole purpose of 
programming logic devices manufactured by Altera and sold by 
Altera or its authorized distributors.  Please refer to the 
applicable agreement for further details.



+------------------------------------------------------------------------------+
; Analysis & Synthesis Summary                                                 ;
+---------------------------------+--------------------------------------------+
; Analysis & Synthesis Status     ; Successful - Wed Jan 02 20:26:11 2019      ;
; Quartus II 64-Bit Version       ; 13.1.0 Build 162 10/23/2013 SJ Web Edition ;
; Revision Name                   ; VGAagain                                   ;
; Top-level Entity Name           ; VGAagain                                   ;
; Family                          ; Cyclone V                                  ;
; Logic utilization (in ALMs)     ; N/A                                        ;
; Total registers                 ; 21                                         ;
; Total pins                      ; 30                                         ;
; Total virtual pins              ; 0                                          ;
; Total block memory bits         ; 0                                          ;
; Total DSP Blocks                ; 0                                          ;
; Total HSSI RX PCSs              ; 0                                          ;
; Total HSSI PMA RX Deserializers ; 0                                          ;
; Total HSSI TX PCSs              ; 0                                          ;
; Total HSSI TX Channels          ; 0                                          ;
; Total PLLs                      ; 0                                          ;
; Total DLLs                      ; 0                                          ;
+---------------------------------+--------------------------------------------+


+---------------------------------------------------------------------------------------------------------------------------+
; Analysis & Synthesis Settings                                                                                             ;
+---------------------------------------------------------------------------------+--------------------+--------------------+
; Option                                                                          ; Setting            ; Default Value      ;
+---------------------------------------------------------------------------------+--------------------+--------------------+
; Device                                                                          ; 5CSEMA5F31C6       ;                    ;
; Top-level entity name                                                           ; VGAagain           ; VGAagain           ;
; Family name                                                                     ; Cyclone V          ; Cyclone IV GX      ;
; Use smart compilation                                                           ; Off                ; Off                ;
; Enable parallel Assembler and TimeQuest Timing Analyzer during compilation      ; On                 ; On                 ;
; Enable compact report table                                                     ; Off                ; Off                ;
; Restructure Multiplexers                                                        ; Auto               ; Auto               ;
; MLAB Add Timing Constraints For Mixed-Port Feed-Through Mode Setting Don't Care ; Off                ; Off                ;
; Create Debugging Nodes for IP Cores                                             ; Off                ; Off                ;
; Preserve fewer node names                                                       ; On                 ; On                 ;
; Disable OpenCore Plus hardware evaluation                                       ; Off                ; Off                ;
; Verilog Version                                                                 ; Verilog_2001       ; Verilog_2001       ;
; VHDL Version                                                                    ; VHDL_1993          ; VHDL_1993          ;
; State Machine Processing                                                        ; Auto               ; Auto               ;
; Safe State Machine                                                              ; Off                ; Off                ;
; Extract Verilog State Machines                                                  ; On                 ; On                 ;
; Extract VHDL State Machines                                                     ; On                 ; On                 ;
; Ignore Verilog initial constructs                                               ; Off                ; Off                ;
; Iteration limit for constant Verilog loops                                      ; 5000               ; 5000               ;
; Iteration limit for non-constant Verilog loops                                  ; 250                ; 250                ;
; Add Pass-Through Logic to Inferred RAMs                                         ; On                 ; On                 ;
; Infer RAMs from Raw Logic                                                       ; On                 ; On                 ;
; Parallel Synthesis                                                              ; On                 ; On                 ;
; DSP Block Balancing                                                             ; Auto               ; Auto               ;
; NOT Gate Push-Back                                                              ; On                 ; On                 ;
; Power-Up Don't Care                                                             ; On                 ; On                 ;
; Remove Redundant Logic Cells                                                    ; Off                ; Off                ;
; Remove Duplicate Registers                                                      ; On                 ; On                 ;
; Ignore CARRY Buffers                                                            ; Off                ; Off                ;
; Ignore CASCADE Buffers                                                          ; Off                ; Off                ;
; Ignore GLOBAL Buffers                                                           ; Off                ; Off                ;
; Ignore ROW GLOBAL Buffers                                                       ; Off                ; Off                ;
; Ignore LCELL Buffers                                                            ; Off                ; Off                ;
; Ignore SOFT Buffers                                                             ; On                 ; On                 ;
; Limit AHDL Integers to 32 Bits                                                  ; Off                ; Off                ;
; Optimization Technique                                                          ; Balanced           ; Balanced           ;
; Carry Chain Length                                                              ; 70                 ; 70                 ;
; Auto Carry Chains                                                               ; On                 ; On                 ;
; Auto Open-Drain Pins                                                            ; On                 ; On                 ;
; Perform WYSIWYG Primitive Resynthesis                                           ; Off                ; Off                ;
; Auto ROM Replacement                                                            ; On                 ; On                 ;
; Auto RAM Replacement                                                            ; On                 ; On                 ;
; Auto DSP Block Replacement                                                      ; On                 ; On                 ;
; Auto Shift Register Replacement                                                 ; Auto               ; Auto               ;
; Allow Shift Register Merging across Hierarchies                                 ; Auto               ; Auto               ;
; Auto Clock Enable Replacement                                                   ; On                 ; On                 ;
; Strict RAM Replacement                                                          ; Off                ; Off                ;
; Allow Synchronous Control Signals                                               ; On                 ; On                 ;
; Force Use of Synchronous Clear Signals                                          ; Off                ; Off                ;
; Auto Resource Sharing                                                           ; Off                ; Off                ;
; Allow Any RAM Size For Recognition                                              ; Off                ; Off                ;
; Allow Any ROM Size For Recognition                                              ; Off                ; Off                ;
; Allow Any Shift Register Size For Recognition                                   ; Off                ; Off                ;
; Use LogicLock Constraints during Resource Balancing                             ; On                 ; On                 ;
; Ignore translate_off and synthesis_off directives                               ; Off                ; Off                ;
; Timing-Driven Synthesis                                                         ; On                 ; On                 ;
; Report Parameter Settings                                                       ; On                 ; On                 ;
; Report Source Assignments                                                       ; On                 ; On                 ;
; Report Connectivity Checks                                                      ; On                 ; On                 ;
; Ignore Maximum Fan-Out Assignments                                              ; Off                ; Off                ;
; Synchronization Register Chain Length                                           ; 3                  ; 3                  ;
; PowerPlay Power Optimization                                                    ; Normal compilation ; Normal compilation ;
; HDL message level                                                               ; Level2             ; Level2             ;
; Suppress Register Optimization Related Messages                                 ; Off                ; Off                ;
; Number of Removed Registers Reported in Synthesis Report                        ; 5000               ; 5000               ;
; Number of Swept Nodes Reported in Synthesis Report                              ; 5000               ; 5000               ;
; Number of Inverted Registers Reported in Synthesis Report                       ; 100                ; 100                ;
; Clock MUX Protection                                                            ; On                 ; On                 ;
; Auto Gated Clock Conversion                                                     ; Off                ; Off                ;
; Block Design Naming                                                             ; Auto               ; Auto               ;
; SDC constraint protection                                                       ; Off                ; Off                ;
; Synthesis Effort                                                                ; Auto               ; Auto               ;
; Shift Register Replacement - Allow Asynchronous Clear Signal                    ; On                 ; On                 ;
; Pre-Mapping Resynthesis Optimization                                            ; Off                ; Off                ;
; Analysis & Synthesis Message Level                                              ; Medium             ; Medium             ;
; Disable Register Merging Across Hierarchies                                     ; Auto               ; Auto               ;
; Resource Aware Inference For Block RAM                                          ; On                 ; On                 ;
; Synthesis Seed                                                                  ; 1                  ; 1                  ;
; Automatic Parallel Synthesis                                                    ; On                 ; On                 ;
+---------------------------------------------------------------------------------+--------------------+--------------------+


Parallel compilation was disabled, but you have multiple processors available. Enable parallel compilation to reduce compilation time.
+-------------------------------------+
; Parallel Compilation                ;
+----------------------------+--------+
; Processors                 ; Number ;
+----------------------------+--------+
; Number detected on machine ; 4      ;
; Maximum allowed            ; 1      ;
+----------------------------+--------+


+---------------------------------------------------------------------------------------------------------------------------------------+
; Analysis & Synthesis Source Files Read                                                                                                ;
+----------------------------------+-----------------+------------------------+-----------------------------------------------+---------+
; File Name with User-Entered Path ; Used in Netlist ; File Type              ; File Name with Absolute Path                  ; Library ;
+----------------------------------+-----------------+------------------------+-----------------------------------------------+---------+
; VGAagain.v                       ; yes             ; User Verilog HDL File  ; C:/Learning/DigitalDesign/VGAagain/VGAagain.v ;         ;
; Vga.v                            ; yes             ; User Verilog HDL File  ; C:/Learning/DigitalDesign/VGAagain/Vga.v      ;         ;
; VGAgame.v                        ; yes             ; User Verilog HDL File  ; C:/Learning/DigitalDesign/VGAagain/VGAgame.v  ;         ;
+----------------------------------+-----------------+------------------------+-----------------------------------------------+---------+


+-------------------------------------------------------------------------------------------------+
; Analysis & Synthesis Resource Usage Summary                                                     ;
+---------------------------------------------+---------------------------------------------------+
; Resource                                    ; Usage                                             ;
+---------------------------------------------+---------------------------------------------------+
; Estimate of Logic utilization (ALMs needed) ; 18                                                ;
;                                             ;                                                   ;
; Combinational ALUT usage for logic          ; 33                                                ;
;     -- 7 input functions                    ; 0                                                 ;
;     -- 6 input functions                    ; 2                                                 ;
;     -- 5 input functions                    ; 3                                                 ;
;     -- 4 input functions                    ; 7                                                 ;
;     -- <=3 input functions                  ; 21                                                ;
;                                             ;                                                   ;
; Dedicated logic registers                   ; 21                                                ;
;                                             ;                                                   ;
; I/O pins                                    ; 30                                                ;
; Total DSP Blocks                            ; 0                                                 ;
; Maximum fan-out node                        ; VgaGame_main:b2v_inst|vga640x480:vag_show|vga_clk ;
; Maximum fan-out                             ; 22                                                ;
; Total fan-out                               ; 221                                               ;
; Average fan-out                             ; 1.94                                              ;
+---------------------------------------------+---------------------------------------------------+


+--------------------------------------------------------------------------------------------------------------------------------------------------------------------------------------------+
; Analysis & Synthesis Resource Utilization by Entity                                                                                                                                        ;
+-----------------------------+-------------------+--------------+-------------------+------------+------+--------------+-----------------------------------------------------+--------------+
; Compilation Hierarchy Node  ; LC Combinationals ; LC Registers ; Block Memory Bits ; DSP Blocks ; Pins ; Virtual Pins ; Full Hierarchy Name                                 ; Library Name ;
+-----------------------------+-------------------+--------------+-------------------+------------+------+--------------+-----------------------------------------------------+--------------+
; |VGAagain                   ; 33 (0)            ; 21 (0)       ; 0                 ; 0          ; 30   ; 0            ; |VGAagain                                           ; work         ;
;    |VgaGame_main:b2v_inst|  ; 33 (0)            ; 21 (0)       ; 0                 ; 0          ; 0    ; 0            ; |VGAagain|VgaGame_main:b2v_inst                     ; work         ;
;       |vga640x480:vag_show| ; 33 (33)           ; 21 (21)      ; 0                 ; 0          ; 0    ; 0            ; |VGAagain|VgaGame_main:b2v_inst|vga640x480:vag_show ; work         ;
+-----------------------------+-------------------+--------------+-------------------+------------+------+--------------+-----------------------------------------------------+--------------+
Note: For table entries with two numbers listed, the numbers in parentheses indicate the number of resources of the given type used by the specific entity alone. The numbers listed outside of parentheses indicate the total resources of the given type used by the specific entity and all of its sub-entities in the hierarchy.


+------------------------------------------------------+
; General Register Statistics                          ;
+----------------------------------------------+-------+
; Statistic                                    ; Value ;
+----------------------------------------------+-------+
; Total registers                              ; 21    ;
; Number of registers using Synchronous Clear  ; 20    ;
; Number of registers using Synchronous Load   ; 0     ;
; Number of registers using Asynchronous Clear ; 21    ;
; Number of registers using Asynchronous Load  ; 0     ;
; Number of registers using Clock Enable       ; 10    ;
; Number of registers using Preset             ; 0     ;
+----------------------------------------------+-------+


+-----------------------------------------------------------------------------------------------------------------+
; Port Connectivity Checks: "VgaGame_main:b2v_inst|vga640x480:vag_show"                                           ;
+-------+--------+----------+-------------------------------------------------------------------------------------+
; Port  ; Type   ; Severity ; Details                                                                             ;
+-------+--------+----------+-------------------------------------------------------------------------------------+
; col_i ; Output ; Info     ; Connected to dangling logic. Logic that only feeds a dangling port will be removed. ;
; row_i ; Output ; Info     ; Connected to dangling logic. Logic that only feeds a dangling port will be removed. ;
+-------+--------+----------+-------------------------------------------------------------------------------------+


+-------------------------------+
; Elapsed Time Per Partition    ;
+----------------+--------------+
; Partition Name ; Elapsed Time ;
+----------------+--------------+
; Top            ; 00:00:01     ;
+----------------+--------------+


+-------------------------------+
; Analysis & Synthesis Messages ;
+-------------------------------+
Info: *******************************************************************
Info: Running Quartus II 64-Bit Analysis & Synthesis
    Info: Version 13.1.0 Build 162 10/23/2013 SJ Web Edition
    Info: Processing started: Wed Jan 02 20:26:07 2019
Info: Command: quartus_map --read_settings_files=on --write_settings_files=off VGAagain -c VGAagain
Warning (20028): Parallel compilation is not licensed and has been disabled
Info (12021): Found 1 design units, including 1 entities, in source file vgaagain.v
    Info (12023): Found entity 1: VGAagain
Info (12021): Found 1 design units, including 1 entities, in source file vga.v
    Info (12023): Found entity 1: vga640x480
Info (12021): Found 1 design units, including 1 entities, in source file vgagame.v
    Info (12023): Found entity 1: VgaGame_main
Info (12127): Elaborating entity "VGAagain" for the top level hierarchy
Info (12128): Elaborating entity "VgaGame_main" for hierarchy "VgaGame_main:b2v_inst"
Info (12128): Elaborating entity "vga640x480" for hierarchy "VgaGame_main:b2v_inst|vga640x480:vag_show"
Warning (10235): Verilog HDL Always Construct warning at Vga.v(59): variable "inDisplayArea" is read inside the Always Construct but isn't in the Always Construct's Event Control
Warning (10235): Verilog HDL Always Construct warning at Vga.v(60): variable "CounterX" is read inside the Always Construct but isn't in the Always Construct's Event Control
Warning (10235): Verilog HDL Always Construct warning at Vga.v(61): variable "CounterY" is read inside the Always Construct but isn't in the Always Construct's Event Control
Warning (13024): Output pins are stuck at VCC or GND
    Warning (13410): Pin "b[0]" is stuck at VCC
    Warning (13410): Pin "b[1]" is stuck at VCC
    Warning (13410): Pin "b[2]" is stuck at VCC
    Warning (13410): Pin "b[3]" is stuck at VCC
    Warning (13410): Pin "b[4]" is stuck at VCC
    Warning (13410): Pin "b[5]" is stuck at VCC
    Warning (13410): Pin "b[6]" is stuck at VCC
    Warning (13410): Pin "b[7]" is stuck at VCC
    Warning (13410): Pin "g[0]" is stuck at GND
    Warning (13410): Pin "g[1]" is stuck at GND
    Warning (13410): Pin "g[2]" is stuck at GND
    Warning (13410): Pin "g[3]" is stuck at GND
    Warning (13410): Pin "g[4]" is stuck at GND
    Warning (13410): Pin "g[5]" is stuck at GND
    Warning (13410): Pin "g[6]" is stuck at GND
    Warning (13410): Pin "g[7]" is stuck at GND
    Warning (13410): Pin "r[0]" is stuck at GND
    Warning (13410): Pin "r[1]" is stuck at GND
    Warning (13410): Pin "r[2]" is stuck at GND
    Warning (13410): Pin "r[3]" is stuck at GND
    Warning (13410): Pin "r[4]" is stuck at GND
    Warning (13410): Pin "r[5]" is stuck at GND
    Warning (13410): Pin "r[6]" is stuck at GND
    Warning (13410): Pin "r[7]" is stuck at GND
Info (286030): Timing-Driven Synthesis is running
Info (144001): Generated suppressed messages file C:/Learning/DigitalDesign/VGAagain/output_files/VGAagain.map.smsg
Info (16010): Generating hard_block partition "hard_block:auto_generated_inst"
    Info (16011): Adding 0 node(s), including 0 DDIO, 0 PLL, 0 transceiver and 0 LCELL
Info (21057): Implemented 63 device resources after synthesis - the final resource count might be different
    Info (21058): Implemented 2 input pins
    Info (21059): Implemented 28 output pins
    Info (21061): Implemented 33 logic cells
Info: Quartus II 64-Bit Analysis & Synthesis was successful. 0 errors, 29 warnings
    Info: Peak virtual memory: 4708 megabytes
    Info: Processing ended: Wed Jan 02 20:26:11 2019
    Info: Elapsed time: 00:00:04
    Info: Total CPU time (on all processors): 00:00:04


+------------------------------------------+
; Analysis & Synthesis Suppressed Messages ;
+------------------------------------------+
The suppressed messages can be found in C:/Learning/DigitalDesign/VGAagain/output_files/VGAagain.map.smsg.


